[2014.06.14 08:15:05] (Coverage): Error during class instrumentation: org.codehaus.groovy.runtime.NioGroovyMethods
java.lang.NullPointerException
	at com.intellij.rt.coverage.instrumentation.Instrumentator$MyClassWriter.typeInfo(Instrumentator.java:358)
	at com.intellij.rt.coverage.instrumentation.Instrumentator$MyClassWriter.getCommonSuperClass(Instrumentator.java:279)
	at org.jetbrains.org.objectweb.asm.ClassWriter.getMergedType(ClassWriter.java:1654)
	at org.jetbrains.org.objectweb.asm.Frame.merge(Frame.java:1425)
	at org.jetbrains.org.objectweb.asm.Frame.merge(Frame.java:1325)
	at org.jetbrains.org.objectweb.asm.MethodWriter.visitMaxs(MethodWriter.java:1475)
	at org.jetbrains.org.objectweb.asm.MethodVisitor.visitMaxs(MethodVisitor.java:866)
	at com.intellij.rt.coverage.instrumentation.TouchCounter.visitMaxs(TouchCounter.java:268)
	at org.jetbrains.org.objectweb.asm.tree.MethodNode.accept(MethodNode.java:825)
	at com.intellij.rt.coverage.instrumentation.LineEnumerator.visitEnd(LineEnumerator.java:62)
	at org.jetbrains.org.objectweb.asm.ClassReader.readMethod(ClassReader.java:1021)
	at org.jetbrains.org.objectweb.asm.ClassReader.accept(ClassReader.java:693)
	at org.jetbrains.org.objectweb.asm.ClassReader.accept(ClassReader.java:506)
	at com.intellij.rt.coverage.instrumentation.Instrumentator.instrument(Instrumentator.java:177)
	at com.intellij.rt.coverage.instrumentation.Instrumentator.access$000(Instrumentator.java:25)
	at com.intellij.rt.coverage.instrumentation.Instrumentator$1.transform(Instrumentator.java:134)
	at sun.instrument.TransformerManager.transform(TransformerManager.java:169)
	at sun.instrument.InstrumentationImpl.transform(InstrumentationImpl.java:365)
	at java.lang.ClassLoader.defineClass1(Native Method)
	at java.lang.ClassLoader.defineClassCond(ClassLoader.java:637)
	at java.lang.ClassLoader.defineClass(ClassLoader.java:621)
	at java.security.SecureClassLoader.defineClass(SecureClassLoader.java:141)
	at java.net.URLClassLoader.defineClass(URLClassLoader.java:283)
	at java.net.URLClassLoader.access$000(URLClassLoader.java:58)
	at java.net.URLClassLoader$1.run(URLClassLoader.java:197)
	at java.security.AccessController.doPrivileged(Native Method)
	at java.net.URLClassLoader.findClass(URLClassLoader.java:190)
	at java.lang.ClassLoader.loadClass(ClassLoader.java:306)
	at sun.misc.Launcher$AppClassLoader.loadClass(Launcher.java:301)
	at java.lang.ClassLoader.loadClass(ClassLoader.java:247)
	at org.codehaus.groovy.runtime.m12n.MetaInfExtensionModule.newModule(MetaInfExtensionModule.java:72)
	at org.codehaus.groovy.runtime.m12n.StandardPropertiesModuleFactory.newModule(StandardPropertiesModuleFactory.java:48)
	at org.codehaus.groovy.runtime.m12n.ExtensionModuleScanner.scanExtensionModuleFromProperties(ExtensionModuleScanner.java:77)
	at org.codehaus.groovy.runtime.m12n.ExtensionModuleScanner.scanExtensionModuleFromMetaInf(ExtensionModuleScanner.java:72)
	at org.codehaus.groovy.runtime.m12n.ExtensionModuleScanner.scanClasspathModules(ExtensionModuleScanner.java:54)
	at org.codehaus.groovy.runtime.metaclass.MetaClassRegistryImpl.<init>(MetaClassRegistryImpl.java:110)
	at org.codehaus.groovy.runtime.metaclass.MetaClassRegistryImpl.<init>(MetaClassRegistryImpl.java:71)
	at groovy.lang.GroovySystem.<clinit>(GroovySystem.java:33)
	at org.codehaus.groovy.reflection.ClassInfo.isValidWeakMetaClass(ClassInfo.java:221)
	at org.codehaus.groovy.reflection.ClassInfo.getMetaClassForClass(ClassInfo.java:191)
	at org.codehaus.groovy.reflection.ClassInfo.getMetaClass(ClassInfo.java:236)
	at com.studio945.geodesy.EllipsoidTests.$getStaticMetaClass(EllipsoidTests.groovy)
	at com.studio945.geodesy.EllipsoidTests.<init>(EllipsoidTests.groovy)
	at sun.reflect.NativeConstructorAccessorImpl.newInstance0(Native Method)
	at sun.reflect.NativeConstructorAccessorImpl.newInstance(NativeConstructorAccessorImpl.java:39)
	at sun.reflect.DelegatingConstructorAccessorImpl.newInstance(DelegatingConstructorAccessorImpl.java:27)
	at java.lang.reflect.Constructor.newInstance(Constructor.java:513)
	at java.lang.Class.newInstance0(Class.java:357)
	at java.lang.Class.newInstance(Class.java:310)
	at org.spockframework.runtime.BaseSpecRunner.createSpecInstance(BaseSpecRunner.java:121)
	at org.spockframework.runtime.BaseSpecRunner.run(BaseSpecRunner.java:80)
	at org.spockframework.runtime.Sputnik.run(Sputnik.java:63)
	at org.junit.runner.JUnitCore.run(JUnitCore.java:157)
	at com.intellij.junit4.JUnit4IdeaTestRunner.startRunnerWithArgs(JUnit4IdeaTestRunner.java:74)
	at com.intellij.rt.execution.junit.JUnitStarter.prepareStreamsAndStart(JUnitStarter.java:211)
	at com.intellij.rt.execution.junit.JUnitStarter.main(JUnitStarter.java:67)
	at sun.reflect.NativeMethodAccessorImpl.invoke0(Native Method)
	at sun.reflect.NativeMethodAccessorImpl.invoke(NativeMethodAccessorImpl.java:39)
	at sun.reflect.DelegatingMethodAccessorImpl.invoke(DelegatingMethodAccessorImpl.java:25)
	at java.lang.reflect.Method.invoke(Method.java:597)
	at com.intellij.rt.execution.application.AppMain.main(AppMain.java:134)
